{"/app/app/login/page.tsx": {"path":"/app/app/login/page.tsx","statementMap":{"0":{"start":{"line":8,"column":24},"end":{"line":8,"column":null}},"1":{"start":{"line":3,"column":36},"end":{"line":3,"column":null}},"2":{"start":{"line":4,"column":26},"end":{"line":4,"column":null}},"3":{"start":{"line":5,"column":18},"end":{"line":5,"column":null}},"4":{"start":{"line":6,"column":29},"end":{"line":6,"column":null}},"5":{"start":{"line":9,"column":28},"end":{"line":9,"column":null}},"6":{"start":{"line":10,"column":34},"end":{"line":10,"column":null}},"7":{"start":{"line":11,"column":28},"end":{"line":11,"column":null}},"8":{"start":{"line":12,"column":36},"end":{"line":12,"column":null}},"9":{"start":{"line":13,"column":17},"end":{"line":13,"column":null}},"10":{"start":{"line":15,"column":23},"end":{"line":49,"column":null}},"11":{"start":{"line":16,"column":4},"end":{"line":16,"column":null}},"12":{"start":{"line":17,"column":4},"end":{"line":17,"column":null}},"13":{"start":{"line":18,"column":4},"end":{"line":18,"column":null}},"14":{"start":{"line":20,"column":4},"end":{"line":48,"column":null}},"15":{"start":{"line":21,"column":23},"end":{"line":21,"column":null}},"16":{"start":{"line":22,"column":44},"end":{"line":22,"column":57}},"17":{"start":{"line":25,"column":6},"end":{"line":25,"column":null}},"18":{"start":{"line":26,"column":6},"end":{"line":26,"column":null}},"19":{"start":{"line":27,"column":6},"end":{"line":27,"column":null}},"20":{"start":{"line":31,"column":6},"end":{"line":38,"column":null}},"21":{"start":{"line":32,"column":8},"end":{"line":32,"column":null}},"22":{"start":{"line":33,"column":13},"end":{"line":38,"column":null}},"23":{"start":{"line":34,"column":8},"end":{"line":34,"column":43}},"24":{"start":{"line":37,"column":8},"end":{"line":37,"column":null}},"25":{"start":{"line":40,"column":6},"end":{"line":44,"column":null}},"26":{"start":{"line":41,"column":8},"end":{"line":41,"column":null}},"27":{"start":{"line":43,"column":8},"end":{"line":43,"column":null}},"28":{"start":{"line":45,"column":6},"end":{"line":45,"column":null}},"29":{"start":{"line":47,"column":6},"end":{"line":47,"column":null}},"30":{"start":{"line":70,"column":31},"end":{"line":70,"column":null}},"31":{"start":{"line":87,"column":31},"end":{"line":87,"column":null}}},"fnMap":{"0":{"name":"LoginPage","decl":{"start":{"line":8,"column":24},"end":{"line":8,"column":null}},"loc":{"start":{"line":8,"column":24},"end":{"line":105,"column":null}}},"1":{"name":"(anonymous_3)","decl":{"start":{"line":15,"column":23},"end":{"line":15,"column":30}},"loc":{"start":{"line":15,"column":30},"end":{"line":49,"column":null}}},"2":{"name":"(anonymous_4)","decl":{"start":{"line":70,"column":24},"end":{"line":70,"column":25}},"loc":{"start":{"line":70,"column":31},"end":{"line":70,"column":null}}},"3":{"name":"(anonymous_5)","decl":{"start":{"line":87,"column":24},"end":{"line":87,"column":25}},"loc":{"start":{"line":87,"column":31},"end":{"line":87,"column":null}}}},"branchMap":{"0":{"loc":{"start":{"line":31,"column":6},"end":{"line":38,"column":null}},"type":"if","locations":[{"start":{"line":31,"column":6},"end":{"line":38,"column":null}},{"start":{"line":33,"column":13},"end":{"line":38,"column":null}}]},"1":{"loc":{"start":{"line":33,"column":13},"end":{"line":38,"column":null}},"type":"if","locations":[{"start":{"line":33,"column":13},"end":{"line":38,"column":null}},{"start":{"line":35,"column":13},"end":{"line":38,"column":null}}]},"2":{"loc":{"start":{"line":40,"column":6},"end":{"line":44,"column":null}},"type":"if","locations":[{"start":{"line":40,"column":6},"end":{"line":44,"column":null}},{"start":{"line":42,"column":13},"end":{"line":44,"column":null}}]},"3":{"loc":{"start":{"line":40,"column":10},"end":{"line":40,"column":72}},"type":"binary-expr","locations":[{"start":{"line":40,"column":10},"end":{"line":40,"column":22}},{"start":{"line":40,"column":26},"end":{"line":40,"column":43}},{"start":{"line":40,"column":47},"end":{"line":40,"column":72}}]},"4":{"loc":{"start":{"line":93,"column":11},"end":{"line":93,"column":20}},"type":"binary-expr","locations":[{"start":{"line":93,"column":11},"end":{"line":93,"column":20}}]},"5":{"loc":{"start":{"line":99,"column":13},"end":{"line":99,"column":null}},"type":"cond-expr","locations":[{"start":{"line":99,"column":25},"end":{"line":99,"column":41}},{"start":{"line":99,"column":41},"end":{"line":99,"column":null}}]}},"s":{"0":7,"1":1,"2":1,"3":1,"4":1,"5":174,"6":174,"7":174,"8":174,"9":174,"10":174,"11":5,"12":5,"13":5,"14":5,"15":5,"16":2,"17":2,"18":2,"19":2,"20":2,"21":1,"22":1,"23":1,"24":0,"25":2,"26":1,"27":1,"28":2,"29":4,"30":102,"31":56},"f":{"0":174,"1":5,"2":102,"3":56},"b":{"0":[1,1],"1":[1,0],"2":[1,1],"3":[2,1,1],"4":[174],"5":[5,169]}}
,"/app/components/appointment-list.tsx": {"path":"/app/components/appointment-list.tsx","statementMap":{"0":{"start":{"line":32,"column":16},"end":{"line":32,"column":32}},"1":{"start":{"line":3,"column":23},"end":{"line":3,"column":null}},"2":{"start":{"line":4,"column":22},"end":{"line":4,"column":null}},"3":{"start":{"line":5,"column":22},"end":{"line":5,"column":null}},"4":{"start":{"line":6,"column":17},"end":{"line":6,"column":null}},"5":{"start":{"line":35,"column":2},"end":{"line":37,"column":null}},"6":{"start":{"line":40,"column":23},"end":{"line":40,"column":46}},"7":{"start":{"line":58,"column":12},"end":{"line":58,"column":38}}},"fnMap":{"0":{"name":"AppointmentList","decl":{"start":{"line":32,"column":16},"end":{"line":32,"column":32}},"loc":{"start":{"line":32,"column":80},"end":{"line":107,"column":null}}},"1":{"name":"(anonymous_3)","decl":{"start":{"line":57,"column":28},"end":{"line":57,"column":29}},"loc":{"start":{"line":58,"column":12},"end":{"line":58,"column":38}}}},"branchMap":{"0":{"loc":{"start":{"line":35,"column":2},"end":{"line":37,"column":null}},"type":"if","locations":[{"start":{"line":35,"column":2},"end":{"line":37,"column":null}}]},"1":{"loc":{"start":{"line":35,"column":6},"end":{"line":35,"column":50}},"type":"binary-expr","locations":[{"start":{"line":35,"column":6},"end":{"line":35,"column":23}},{"start":{"line":35,"column":23},"end":{"line":35,"column":50}}]},"2":{"loc":{"start":{"line":48,"column":16},"end":{"line":48,"column":null}},"type":"cond-expr","locations":[{"start":{"line":48,"column":31},"end":{"line":48,"column":44}},{"start":{"line":48,"column":44},"end":{"line":48,"column":null}}]},"3":{"loc":{"start":{"line":60,"column":17},"end":{"line":60,"column":109}},"type":"cond-expr","locations":[{"start":{"line":60,"column":32},"end":{"line":60,"column":55}},{"start":{"line":60,"column":59},"end":{"line":60,"column":109}}]},"4":{"loc":{"start":{"line":60,"column":59},"end":{"line":60,"column":109}},"type":"binary-expr","locations":[{"start":{"line":60,"column":59},"end":{"line":60,"column":87}},{"start":{"line":60,"column":87},"end":{"line":60,"column":109}}]},"5":{"loc":{"start":{"line":65,"column":27},"end":{"line":65,"column":null}},"type":"cond-expr","locations":[{"start":{"line":65,"column":130},"end":{"line":65,"column":142}},{"start":{"line":65,"column":142},"end":{"line":65,"column":null}}]},"6":{"loc":{"start":{"line":65,"column":27},"end":{"line":65,"column":130}},"type":"binary-expr","locations":[{"start":{"line":65,"column":27},"end":{"line":65,"column":79}},{"start":{"line":65,"column":79},"end":{"line":65,"column":130}}]},"7":{"loc":{"start":{"line":67,"column":20},"end":{"line":71,"column":75}},"type":"cond-expr","locations":[{"start":{"line":68,"column":24},"end":{"line":68,"column":79}},{"start":{"line":69,"column":24},"end":{"line":71,"column":75}}]},"8":{"loc":{"start":{"line":67,"column":20},"end":{"line":67,"column":null}},"type":"binary-expr","locations":[{"start":{"line":67,"column":20},"end":{"line":67,"column":72}},{"start":{"line":67,"column":72},"end":{"line":67,"column":null}}]},"9":{"loc":{"start":{"line":69,"column":24},"end":{"line":71,"column":75}},"type":"cond-expr","locations":[{"start":{"line":70,"column":24},"end":{"line":70,"column":73}},{"start":{"line":71,"column":24},"end":{"line":71,"column":75}}]},"10":{"loc":{"start":{"line":69,"column":24},"end":{"line":69,"column":null}},"type":"binary-expr","locations":[{"start":{"line":69,"column":24},"end":{"line":69,"column":76}},{"start":{"line":69,"column":76},"end":{"line":69,"column":null}}]},"11":{"loc":{"start":{"line":79,"column":17},"end":{"line":96,"column":117}},"type":"cond-expr","locations":[{"start":{"line":80,"column":18},"end":{"line":90,"column":32}},{"start":{"line":90,"column":20},"end":{"line":96,"column":117}}]},"12":{"loc":{"start":{"line":79,"column":17},"end":{"line":79,"column":null}},"type":"binary-expr","locations":[{"start":{"line":79,"column":17},"end":{"line":79,"column":68}},{"start":{"line":79,"column":68},"end":{"line":79,"column":118}},{"start":{"line":79,"column":118},"end":{"line":79,"column":172}},{"start":{"line":79,"column":172},"end":{"line":79,"column":null}}]},"13":{"loc":{"start":{"line":87,"column":23},"end":{"line":87,"column":null}},"type":"cond-expr","locations":[{"start":{"line":87,"column":38},"end":{"line":87,"column":50}},{"start":{"line":87,"column":50},"end":{"line":87,"column":null}}]},"14":{"loc":{"start":{"line":90,"column":20},"end":{"line":96,"column":117}},"type":"cond-expr","locations":[{"start":{"line":91,"column":18},"end":{"line":96,"column":19}},{"start":{"line":96,"column":18},"end":{"line":96,"column":117}}]},"15":{"loc":{"start":{"line":90,"column":20},"end":{"line":90,"column":null}},"type":"binary-expr","locations":[{"start":{"line":90,"column":20},"end":{"line":90,"column":72}},{"start":{"line":90,"column":72},"end":{"line":90,"column":null}}]},"16":{"loc":{"start":{"line":93,"column":32},"end":{"line":93,"column":121}},"type":"cond-expr","locations":[{"start":{"line":93,"column":47},"end":{"line":93,"column":82}},{"start":{"line":93,"column":85},"end":{"line":93,"column":121}}]}},"s":{"0":10,"1":1,"2":1,"3":1,"4":1,"5":10,"6":9,"7":23},"f":{"0":10,"1":23},"b":{"0":[1],"1":[10,10],"2":[5,4],"3":[15,8],"4":[8,0],"5":[9,14],"6":[23,14],"7":[9,14],"8":[23,14],"9":[5,9],"10":[14,9],"11":[9,14],"12":[23,14,14,14],"13":[5,4],"14":[9,5],"15":[14,5],"16":[5,4]}}
,"/app/components/hospital-logo.tsx": {"path":"/app/components/hospital-logo.tsx","statementMap":{"0":{"start":{"line":6,"column":16},"end":{"line":6,"column":29}},"1":{"start":{"line":3,"column":18},"end":{"line":3,"column":null}},"2":{"start":{"line":4,"column":33},"end":{"line":4,"column":null}},"3":{"start":{"line":7,"column":20},"end":{"line":7,"column":null}}},"fnMap":{"0":{"name":"HospitalLogo","decl":{"start":{"line":6,"column":16},"end":{"line":6,"column":29}},"loc":{"start":{"line":6,"column":66},"end":{"line":21,"column":null}}}},"branchMap":{"0":{"loc":{"start":{"line":12,"column":13},"end":{"line":12,"column":null}},"type":"binary-expr","locations":[{"start":{"line":12,"column":13},"end":{"line":12,"column":23}},{"start":{"line":12,"column":27},"end":{"line":12,"column":null}}]}},"s":{"0":174,"1":1,"2":1,"3":174},"f":{"0":174},"b":{"0":[174,0]}}
,"/app/components/hospital-theme-provider.tsx": {"path":"/app/components/hospital-theme-provider.tsx","statementMap":{"0":{"start":{"line":32,"column":16},"end":{"line":32,"column":37}},"1":{"start":{"line":79,"column":16},"end":{"line":79,"column":32}},"2":{"start":{"line":5,"column":63},"end":{"line":5,"column":null}},"3":{"start":{"line":17,"column":36},"end":{"line":23,"column":null}},"4":{"start":{"line":30,"column":29},"end":{"line":30,"column":null}},"5":{"start":{"line":37,"column":28},"end":{"line":37,"column":null}},"6":{"start":{"line":38,"column":32},"end":{"line":38,"column":null}},"7":{"start":{"line":41,"column":2},"end":{"line":59,"column":null}},"8":{"start":{"line":42,"column":4},"end":{"line":42,"column":null}},"9":{"start":{"line":62,"column":2},"end":{"line":69,"column":null}},"10":{"start":{"line":63,"column":4},"end":{"line":68,"column":null}},"11":{"start":{"line":64,"column":19},"end":{"line":64,"column":43}},"12":{"start":{"line":65,"column":6},"end":{"line":65,"column":null}},"13":{"start":{"line":66,"column":6},"end":{"line":66,"column":null}},"14":{"start":{"line":67,"column":6},"end":{"line":67,"column":null}},"15":{"start":{"line":72,"column":2},"end":{"line":74,"column":null}},"16":{"start":{"line":73,"column":4},"end":{"line":73,"column":null}},"17":{"start":{"line":80,"column":18},"end":{"line":80,"column":null}},"18":{"start":{"line":81,"column":2},"end":{"line":83,"column":null}},"19":{"start":{"line":82,"column":4},"end":{"line":82,"column":null}},"20":{"start":{"line":84,"column":2},"end":{"line":84,"column":null}}},"fnMap":{"0":{"name":"HospitalThemeProvider","decl":{"start":{"line":32,"column":16},"end":{"line":32,"column":37}},"loc":{"start":{"line":36,"column":1},"end":{"line":77,"column":null}}},"1":{"name":"(anonymous_4)","decl":{"start":{"line":41,"column":12},"end":{"line":41,"column":null}},"loc":{"start":{"line":41,"column":12},"end":{"line":59,"column":5}}},"2":{"name":"(anonymous_5)","decl":{"start":{"line":62,"column":12},"end":{"line":62,"column":null}},"loc":{"start":{"line":62,"column":12},"end":{"line":69,"column":5}}},"3":{"name":"useHospitalTheme","decl":{"start":{"line":79,"column":16},"end":{"line":79,"column":32}},"loc":{"start":{"line":79,"column":16},"end":{"line":85,"column":null}}}},"branchMap":{"0":{"loc":{"start":{"line":63,"column":4},"end":{"line":68,"column":null}},"type":"if","locations":[{"start":{"line":63,"column":4},"end":{"line":68,"column":null}}]},"1":{"loc":{"start":{"line":72,"column":2},"end":{"line":74,"column":null}},"type":"if","locations":[{"start":{"line":72,"column":2},"end":{"line":74,"column":null}}]},"2":{"loc":{"start":{"line":81,"column":2},"end":{"line":83,"column":null}},"type":"if","locations":[{"start":{"line":81,"column":2},"end":{"line":83,"column":null}}]}},"s":{"0":7,"1":174,"2":1,"3":1,"4":1,"5":14,"6":14,"7":14,"8":7,"9":14,"10":14,"11":7,"12":7,"13":7,"14":7,"15":14,"16":7,"17":174,"18":174,"19":0,"20":174},"f":{"0":14,"1":7,"2":14,"3":174},"b":{"0":[7],"1":[7],"2":[0]}}
,"/app/components/video-chat.tsx": {"path":"/app/components/video-chat.tsx","statementMap":{"0":{"start":{"line":14,"column":16},"end":{"line":14,"column":26}},"1":{"start":{"line":3,"column":44},"end":{"line":3,"column":null}},"2":{"start":{"line":4,"column":23},"end":{"line":4,"column":null}},"3":{"start":{"line":5,"column":49},"end":{"line":5,"column":null}},"4":{"start":{"line":6,"column":19},"end":{"line":6,"column":null}},"5":{"start":{"line":7,"column":71},"end":{"line":7,"column":null}},"6":{"start":{"line":15,"column":24},"end":{"line":15,"column":null}},"7":{"start":{"line":16,"column":25},"end":{"line":16,"column":null}},"8":{"start":{"line":17,"column":30},"end":{"line":17,"column":null}},"9":{"start":{"line":18,"column":28},"end":{"line":18,"column":null}},"10":{"start":{"line":19,"column":42},"end":{"line":19,"column":null}},"11":{"start":{"line":20,"column":54},"end":{"line":20,"column":null}},"12":{"start":{"line":21,"column":48},"end":{"line":21,"column":null}},"13":{"start":{"line":22,"column":40},"end":{"line":22,"column":71}},"14":{"start":{"line":24,"column":17},"end":{"line":24,"column":98}},"15":{"start":{"line":25,"column":18},"end":{"line":25,"column":null}},"16":{"start":{"line":26,"column":23},"end":{"line":26,"column":null}},"17":{"start":{"line":27,"column":24},"end":{"line":27,"column":null}},"18":{"start":{"line":30,"column":2},"end":{"line":34,"column":null}},"19":{"start":{"line":31,"column":25},"end":{"line":31,"column":null}},"20":{"start":{"line":31,"column":31},"end":{"line":31,"column":null}},"21":{"start":{"line":32,"column":4},"end":{"line":32,"column":null}},"22":{"start":{"line":33,"column":4},"end":{"line":33,"column":null}},"23":{"start":{"line":33,"column":17},"end":{"line":33,"column":null}},"24":{"start":{"line":37,"column":2},"end":{"line":60,"column":null}},"25":{"start":{"line":38,"column":4},"end":{"line":59,"column":null}},"26":{"start":{"line":40,"column":8},"end":{"line":40,"column":null}},"27":{"start":{"line":41,"column":8},"end":{"line":47,"column":null}},"28":{"start":{"line":42,"column":10},"end":{"line":42,"column":null}},"29":{"start":{"line":43,"column":10},"end":{"line":46,"column":null}},"30":{"start":{"line":44,"column":12},"end":{"line":44,"column":null}},"31":{"start":{"line":48,"column":8},"end":{"line":48,"column":30}},"32":{"start":{"line":51,"column":8},"end":{"line":51,"column":null}},"33":{"start":{"line":52,"column":8},"end":{"line":58,"column":null}},"34":{"start":{"line":53,"column":10},"end":{"line":53,"column":null}},"35":{"start":{"line":54,"column":15},"end":{"line":58,"column":null}},"36":{"start":{"line":55,"column":10},"end":{"line":55,"column":null}},"37":{"start":{"line":57,"column":10},"end":{"line":57,"column":null}},"38":{"start":{"line":63,"column":2},"end":{"line":73,"column":null}},"39":{"start":{"line":64,"column":25},"end":{"line":70,"column":null}},"40":{"start":{"line":65,"column":19},"end":{"line":65,"column":34}},"41":{"start":{"line":66,"column":6},"end":{"line":69,"column":null}},"42":{"start":{"line":67,"column":8},"end":{"line":68,"column":null}},"43":{"start":{"line":67,"column":14},"end":{"line":67,"column":34}},"44":{"start":{"line":71,"column":4},"end":{"line":71,"column":null}},"45":{"start":{"line":72,"column":4},"end":{"line":72,"column":null}},"46":{"start":{"line":72,"column":19},"end":{"line":72,"column":61}},"47":{"start":{"line":76,"column":21},"end":{"line":102,"column":null}},"48":{"start":{"line":77,"column":4},"end":{"line":77,"column":null}},"49":{"start":{"line":77,"column":17},"end":{"line":77,"column":null}},"50":{"start":{"line":78,"column":20},"end":{"line":78,"column":35}},"51":{"start":{"line":79,"column":4},"end":{"line":85,"column":null}},"52":{"start":{"line":80,"column":6},"end":{"line":80,"column":null}},"53":{"start":{"line":81,"column":6},"end":{"line":81,"column":null}},"54":{"start":{"line":82,"column":6},"end":{"line":82,"column":null}},"55":{"start":{"line":83,"column":6},"end":{"line":83,"column":null}},"56":{"start":{"line":84,"column":6},"end":{"line":84,"column":null}},"57":{"start":{"line":84,"column":34},"end":{"line":84,"column":null}},"58":{"start":{"line":86,"column":17},"end":{"line":86,"column":null}},"59":{"start":{"line":87,"column":4},"end":{"line":87,"column":null}},"60":{"start":{"line":88,"column":4},"end":{"line":88,"column":null}},"61":{"start":{"line":88,"column":30},"end":{"line":88,"column":null}},"62":{"start":{"line":89,"column":4},"end":{"line":95,"column":null}},"63":{"start":{"line":90,"column":6},"end":{"line":90,"column":null}},"64":{"start":{"line":91,"column":6},"end":{"line":94,"column":null}},"65":{"start":{"line":92,"column":8},"end":{"line":92,"column":null}},"66":{"start":{"line":93,"column":8},"end":{"line":93,"column":null}},"67":{"start":{"line":96,"column":4},"end":{"line":99,"column":null}},"68":{"start":{"line":97,"column":6},"end":{"line":97,"column":null}},"69":{"start":{"line":98,"column":6},"end":{"line":98,"column":null}},"70":{"start":{"line":98,"column":34},"end":{"line":98,"column":null}},"71":{"start":{"line":101,"column":4},"end":{"line":101,"column":null}},"72":{"start":{"line":105,"column":2},"end":{"line":135,"column":null}},"73":{"start":{"line":106,"column":4},"end":{"line":106,"column":null}},"74":{"start":{"line":106,"column":17},"end":{"line":106,"column":null}},"75":{"start":{"line":107,"column":4},"end":{"line":107,"column":null}},"76":{"start":{"line":108,"column":4},"end":{"line":108,"column":null}},"77":{"start":{"line":110,"column":19},"end":{"line":113,"column":null}},"78":{"start":{"line":111,"column":6},"end":{"line":111,"column":null}},"79":{"start":{"line":112,"column":6},"end":{"line":112,"column":null}},"80":{"start":{"line":114,"column":19},"end":{"line":118,"column":null}},"81":{"start":{"line":115,"column":6},"end":{"line":115,"column":null}},"82":{"start":{"line":116,"column":6},"end":{"line":116,"column":null}},"83":{"start":{"line":117,"column":6},"end":{"line":117,"column":null}},"84":{"start":{"line":117,"column":34},"end":{"line":117,"column":null}},"85":{"start":{"line":119,"column":4},"end":{"line":119,"column":null}},"86":{"start":{"line":120,"column":4},"end":{"line":120,"column":null}},"87":{"start":{"line":121,"column":4},"end":{"line":121,"column":null}},"88":{"start":{"line":121,"column":69},"end":{"line":121,"column":null}},"89":{"start":{"line":124,"column":4},"end":{"line":124,"column":null}},"90":{"start":{"line":124,"column":19},"end":{"line":124,"column":null}},"91":{"start":{"line":126,"column":4},"end":{"line":134,"column":null}},"92":{"start":{"line":127,"column":6},"end":{"line":127,"column":null}},"93":{"start":{"line":128,"column":6},"end":{"line":128,"column":null}},"94":{"start":{"line":129,"column":6},"end":{"line":129,"column":null}},"95":{"start":{"line":130,"column":6},"end":{"line":130,"column":null}},"96":{"start":{"line":131,"column":6},"end":{"line":131,"column":null}},"97":{"start":{"line":132,"column":6},"end":{"line":132,"column":null}},"98":{"start":{"line":133,"column":6},"end":{"line":133,"column":null}},"99":{"start":{"line":133,"column":34},"end":{"line":133,"column":null}},"100":{"start":{"line":138,"column":2},"end":{"line":146,"column":null}},"101":{"start":{"line":139,"column":22},"end":{"line":143,"column":null}},"102":{"start":{"line":140,"column":6},"end":{"line":142,"column":null}},"103":{"start":{"line":141,"column":8},"end":{"line":141,"column":null}},"104":{"start":{"line":144,"column":4},"end":{"line":144,"column":null}},"105":{"start":{"line":145,"column":4},"end":{"line":145,"column":null}},"106":{"start":{"line":145,"column":19},"end":{"line":145,"column":52}},"107":{"start":{"line":149,"column":21},"end":{"line":153,"column":null}},"108":{"start":{"line":150,"column":4},"end":{"line":150,"column":null}},"109":{"start":{"line":150,"column":17},"end":{"line":150,"column":null}},"110":{"start":{"line":151,"column":4},"end":{"line":151,"column":null}},"111":{"start":{"line":151,"column":41},"end":{"line":151,"column":63}},"112":{"start":{"line":152,"column":4},"end":{"line":152,"column":null}},"113":{"start":{"line":152,"column":18},"end":{"line":152,"column":null}},"114":{"start":{"line":154,"column":22},"end":{"line":160,"column":null}},"115":{"start":{"line":155,"column":4},"end":{"line":155,"column":null}},"116":{"start":{"line":155,"column":17},"end":{"line":155,"column":null}},"117":{"start":{"line":156,"column":21},"end":{"line":156,"column":null}},"118":{"start":{"line":157,"column":4},"end":{"line":157,"column":null}},"119":{"start":{"line":157,"column":41},"end":{"line":157,"column":null}},"120":{"start":{"line":158,"column":4},"end":{"line":158,"column":null}},"121":{"start":{"line":159,"column":4},"end":{"line":159,"column":null}},"122":{"start":{"line":162,"column":25},"end":{"line":162,"column":null}}},"fnMap":{"0":{"name":"VideoChat","decl":{"start":{"line":14,"column":16},"end":{"line":14,"column":26}},"loc":{"start":{"line":14,"column":62},"end":{"line":237,"column":null}}},"1":{"name":"(anonymous_3)","decl":{"start":{"line":30,"column":12},"end":{"line":30,"column":null}},"loc":{"start":{"line":30,"column":12},"end":{"line":34,"column":5}}},"2":{"name":"(anonymous_4)","decl":{"start":{"line":31,"column":25},"end":{"line":31,"column":31}},"loc":{"start":{"line":31,"column":31},"end":{"line":31,"column":null}}},"3":{"name":"(anonymous_5)","decl":{"start":{"line":33,"column":11},"end":{"line":33,"column":17}},"loc":{"start":{"line":33,"column":17},"end":{"line":33,"column":null}}},"4":{"name":"(anonymous_6)","decl":{"start":{"line":37,"column":12},"end":{"line":37,"column":null}},"loc":{"start":{"line":37,"column":12},"end":{"line":60,"column":5}}},"5":{"name":"(anonymous_7)","decl":{"start":{"line":39,"column":12},"end":{"line":39,"column":null}},"loc":{"start":{"line":39,"column":12},"end":{"line":49,"column":null}}},"6":{"name":"(anonymous_8)","decl":{"start":{"line":43,"column":45},"end":{"line":43,"column":46}},"loc":{"start":{"line":43,"column":46},"end":{"line":46,"column":null}}},"7":{"name":"(anonymous_9)","decl":{"start":{"line":50,"column":13},"end":{"line":50,"column":null}},"loc":{"start":{"line":50,"column":13},"end":{"line":59,"column":null}}},"8":{"name":"(anonymous_10)","decl":{"start":{"line":63,"column":12},"end":{"line":63,"column":null}},"loc":{"start":{"line":63,"column":12},"end":{"line":73,"column":5}}},"9":{"name":"(anonymous_11)","decl":{"start":{"line":64,"column":25},"end":{"line":64,"column":26}},"loc":{"start":{"line":64,"column":60},"end":{"line":70,"column":null}}},"10":{"name":"(anonymous_12)","decl":{"start":{"line":72,"column":11},"end":{"line":72,"column":19}},"loc":{"start":{"line":72,"column":11},"end":{"line":72,"column":null}}},"11":{"name":"(anonymous_13)","decl":{"start":{"line":76,"column":21},"end":{"line":76,"column":null}},"loc":{"start":{"line":76,"column":21},"end":{"line":102,"column":null}}},"12":{"name":"(anonymous_14)","decl":{"start":{"line":88,"column":22},"end":{"line":88,"column":30}},"loc":{"start":{"line":88,"column":30},"end":{"line":88,"column":null}}},"13":{"name":"(anonymous_15)","decl":{"start":{"line":89,"column":22},"end":{"line":89,"column":null}},"loc":{"start":{"line":89,"column":22},"end":{"line":95,"column":null}}},"14":{"name":"(anonymous_16)","decl":{"start":{"line":93,"column":44},"end":{"line":93,"column":51}},"loc":{"start":{"line":93,"column":44},"end":{"line":93,"column":null}}},"15":{"name":"(anonymous_17)","decl":{"start":{"line":96,"column":21},"end":{"line":96,"column":null}},"loc":{"start":{"line":96,"column":21},"end":{"line":99,"column":null}}},"16":{"name":"(anonymous_18)","decl":{"start":{"line":101,"column":21},"end":{"line":101,"column":28}},"loc":{"start":{"line":101,"column":21},"end":{"line":101,"column":null}}},"17":{"name":"(anonymous_19)","decl":{"start":{"line":105,"column":12},"end":{"line":105,"column":null}},"loc":{"start":{"line":105,"column":12},"end":{"line":135,"column":5}}},"18":{"name":"(anonymous_20)","decl":{"start":{"line":110,"column":19},"end":{"line":110,"column":null}},"loc":{"start":{"line":110,"column":19},"end":{"line":113,"column":null}}},"19":{"name":"(anonymous_21)","decl":{"start":{"line":111,"column":40},"end":{"line":111,"column":47}},"loc":{"start":{"line":111,"column":40},"end":{"line":111,"column":null}}},"20":{"name":"(anonymous_22)","decl":{"start":{"line":114,"column":19},"end":{"line":114,"column":null}},"loc":{"start":{"line":114,"column":19},"end":{"line":118,"column":null}}},"21":{"name":"(anonymous_23)","decl":{"start":{"line":115,"column":41},"end":{"line":115,"column":48}},"loc":{"start":{"line":115,"column":41},"end":{"line":115,"column":null}}},"22":{"name":"(anonymous_24)","decl":{"start":{"line":121,"column":30},"end":{"line":121,"column":31}},"loc":{"start":{"line":121,"column":69},"end":{"line":121,"column":null}}},"23":{"name":"(anonymous_25)","decl":{"start":{"line":126,"column":11},"end":{"line":126,"column":null}},"loc":{"start":{"line":126,"column":11},"end":{"line":134,"column":null}}},"24":{"name":"(anonymous_26)","decl":{"start":{"line":138,"column":12},"end":{"line":138,"column":null}},"loc":{"start":{"line":138,"column":12},"end":{"line":146,"column":5}}},"25":{"name":"(anonymous_27)","decl":{"start":{"line":139,"column":22},"end":{"line":139,"column":null}},"loc":{"start":{"line":139,"column":22},"end":{"line":143,"column":null}}},"26":{"name":"(anonymous_28)","decl":{"start":{"line":145,"column":11},"end":{"line":145,"column":19}},"loc":{"start":{"line":145,"column":11},"end":{"line":145,"column":null}}},"27":{"name":"(anonymous_29)","decl":{"start":{"line":149,"column":21},"end":{"line":149,"column":null}},"loc":{"start":{"line":149,"column":21},"end":{"line":153,"column":null}}},"28":{"name":"(anonymous_30)","decl":{"start":{"line":151,"column":36},"end":{"line":151,"column":41}},"loc":{"start":{"line":151,"column":41},"end":{"line":151,"column":63}}},"29":{"name":"(anonymous_31)","decl":{"start":{"line":152,"column":13},"end":{"line":152,"column":18}},"loc":{"start":{"line":152,"column":18},"end":{"line":152,"column":null}}},"30":{"name":"(anonymous_32)","decl":{"start":{"line":154,"column":22},"end":{"line":154,"column":null}},"loc":{"start":{"line":154,"column":22},"end":{"line":160,"column":null}}},"31":{"name":"(anonymous_33)","decl":{"start":{"line":157,"column":36},"end":{"line":157,"column":41}},"loc":{"start":{"line":157,"column":41},"end":{"line":157,"column":null}}}},"branchMap":{"0":{"loc":{"start":{"line":24,"column":27},"end":{"line":24,"column":91}},"type":"binary-expr","locations":[{"start":{"line":24,"column":27},"end":{"line":24,"column":61}},{"start":{"line":24,"column":65},"end":{"line":24,"column":91}}]},"1":{"loc":{"start":{"line":41,"column":8},"end":{"line":47,"column":null}},"type":"if","locations":[{"start":{"line":41,"column":8},"end":{"line":47,"column":null}}]},"2":{"loc":{"start":{"line":52,"column":8},"end":{"line":58,"column":null}},"type":"if","locations":[{"start":{"line":52,"column":8},"end":{"line":58,"column":null}},{"start":{"line":54,"column":15},"end":{"line":58,"column":null}}]},"3":{"loc":{"start":{"line":52,"column":12},"end":{"line":52,"column":81}},"type":"binary-expr","locations":[{"start":{"line":52,"column":12},"end":{"line":52,"column":44}},{"start":{"line":52,"column":44},"end":{"line":52,"column":81}}]},"4":{"loc":{"start":{"line":54,"column":15},"end":{"line":58,"column":null}},"type":"if","locations":[{"start":{"line":54,"column":15},"end":{"line":58,"column":null}},{"start":{"line":56,"column":15},"end":{"line":58,"column":null}}]},"5":{"loc":{"start":{"line":54,"column":19},"end":{"line":54,"column":91}},"type":"binary-expr","locations":[{"start":{"line":54,"column":19},"end":{"line":54,"column":53}},{"start":{"line":54,"column":53},"end":{"line":54,"column":91}}]},"6":{"loc":{"start":{"line":66,"column":6},"end":{"line":69,"column":null}},"type":"if","locations":[{"start":{"line":66,"column":6},"end":{"line":69,"column":null}}]},"7":{"loc":{"start":{"line":66,"column":10},"end":{"line":66,"column":33}},"type":"binary-expr","locations":[{"start":{"line":66,"column":10},"end":{"line":66,"column":18}},{"start":{"line":66,"column":18},"end":{"line":66,"column":33}}]},"8":{"loc":{"start":{"line":77,"column":4},"end":{"line":77,"column":null}},"type":"if","locations":[{"start":{"line":77,"column":4},"end":{"line":77,"column":null}}]},"9":{"loc":{"start":{"line":79,"column":4},"end":{"line":85,"column":null}},"type":"if","locations":[{"start":{"line":79,"column":4},"end":{"line":85,"column":null}}]},"10":{"loc":{"start":{"line":84,"column":6},"end":{"line":84,"column":null}},"type":"if","locations":[{"start":{"line":84,"column":6},"end":{"line":84,"column":null}}]},"11":{"loc":{"start":{"line":91,"column":6},"end":{"line":94,"column":null}},"type":"if","locations":[{"start":{"line":91,"column":6},"end":{"line":94,"column":null}}]},"12":{"loc":{"start":{"line":98,"column":6},"end":{"line":98,"column":null}},"type":"if","locations":[{"start":{"line":98,"column":6},"end":{"line":98,"column":null}}]},"13":{"loc":{"start":{"line":106,"column":4},"end":{"line":106,"column":null}},"type":"if","locations":[{"start":{"line":106,"column":4},"end":{"line":106,"column":null}}]},"14":{"loc":{"start":{"line":117,"column":6},"end":{"line":117,"column":null}},"type":"if","locations":[{"start":{"line":117,"column":6},"end":{"line":117,"column":null}}]},"15":{"loc":{"start":{"line":124,"column":4},"end":{"line":124,"column":null}},"type":"if","locations":[{"start":{"line":124,"column":4},"end":{"line":124,"column":null}}]},"16":{"loc":{"start":{"line":133,"column":6},"end":{"line":133,"column":null}},"type":"if","locations":[{"start":{"line":133,"column":6},"end":{"line":133,"column":null}}]},"17":{"loc":{"start":{"line":140,"column":6},"end":{"line":142,"column":null}},"type":"if","locations":[{"start":{"line":140,"column":6},"end":{"line":142,"column":null}}]},"18":{"loc":{"start":{"line":150,"column":4},"end":{"line":150,"column":null}},"type":"if","locations":[{"start":{"line":150,"column":4},"end":{"line":150,"column":null}}]},"19":{"loc":{"start":{"line":155,"column":4},"end":{"line":155,"column":null}},"type":"if","locations":[{"start":{"line":155,"column":4},"end":{"line":155,"column":null}}]},"20":{"loc":{"start":{"line":162,"column":25},"end":{"line":162,"column":null}},"type":"cond-expr","locations":[{"start":{"line":162,"column":36},"end":{"line":162,"column":42}},{"start":{"line":162,"column":42},"end":{"line":162,"column":null}}]},"21":{"loc":{"start":{"line":172,"column":9},"end":{"line":172,"column":null}},"type":"binary-expr","locations":[{"start":{"line":172,"column":9},"end":{"line":172,"column":null}}]},"22":{"loc":{"start":{"line":175,"column":15},"end":{"line":175,"column":null}},"type":"cond-expr","locations":[{"start":{"line":175,"column":26},"end":{"line":175,"column":53}},{"start":{"line":175,"column":53},"end":{"line":175,"column":null}}]},"23":{"loc":{"start":{"line":181,"column":9},"end":{"line":181,"column":28}},"type":"binary-expr","locations":[{"start":{"line":181,"column":9},"end":{"line":181,"column":28}},{"start":{"line":181,"column":28},"end":{"line":181,"column":null}}]},"24":{"loc":{"start":{"line":193,"column":12},"end":{"line":198,"column":13}},"type":"cond-expr","locations":[{"start":{"line":193,"column":12},"end":{"line":198,"column":13}}]},"25":{"loc":{"start":{"line":201,"column":11},"end":{"line":201,"column":27}},"type":"binary-expr","locations":[{"start":{"line":201,"column":11},"end":{"line":201,"column":27}},{"start":{"line":201,"column":27},"end":{"line":201,"column":null}}]},"26":{"loc":{"start":{"line":205,"column":19},"end":{"line":205,"column":null}},"type":"cond-expr","locations":[{"start":{"line":205,"column":30},"end":{"line":205,"column":37}},{"start":{"line":205,"column":37},"end":{"line":205,"column":null}}]},"27":{"loc":{"start":{"line":219,"column":24},"end":{"line":219,"column":null}},"type":"cond-expr","locations":[{"start":{"line":219,"column":33},"end":{"line":219,"column":53}},{"start":{"line":219,"column":53},"end":{"line":219,"column":null}}]},"28":{"loc":{"start":{"line":222,"column":22},"end":{"line":222,"column":67}},"type":"cond-expr","locations":[{"start":{"line":222,"column":22},"end":{"line":222,"column":67}}]},"29":{"loc":{"start":{"line":228,"column":24},"end":{"line":228,"column":null}},"type":"cond-expr","locations":[{"start":{"line":228,"column":40},"end":{"line":228,"column":60}},{"start":{"line":228,"column":60},"end":{"line":228,"column":null}}]},"30":{"loc":{"start":{"line":231,"column":29},"end":{"line":231,"column":79}},"type":"cond-expr","locations":[{"start":{"line":231,"column":29},"end":{"line":231,"column":79}}]}},"s":{"0":4,"1":1,"2":1,"3":1,"4":1,"5":1,"6":9,"7":9,"8":9,"9":9,"10":9,"11":9,"12":9,"13":9,"14":9,"15":9,"16":9,"17":9,"18":9,"19":4,"20":0,"21":4,"22":4,"23":4,"24":9,"25":4,"26":1,"27":1,"28":1,"29":1,"30":0,"31":0,"32":4,"33":4,"34":1,"35":3,"36":1,"37":2,"38":9,"39":4,"40":0,"41":0,"42":0,"43":0,"44":4,"45":4,"46":4,"47":9,"48":0,"49":0,"50":0,"51":0,"52":0,"53":0,"54":0,"55":0,"56":0,"57":0,"58":0,"59":0,"60":0,"61":0,"62":0,"63":0,"64":0,"65":0,"66":0,"67":0,"68":0,"69":0,"70":0,"71":0,"72":9,"73":5,"74":4,"75":1,"76":1,"77":1,"78":0,"79":0,"80":1,"81":0,"82":0,"83":0,"84":0,"85":1,"86":1,"87":1,"88":0,"89":1,"90":0,"91":1,"92":1,"93":1,"94":1,"95":1,"96":1,"97":1,"98":1,"99":0,"100":9,"101":5,"102":0,"103":0,"104":5,"105":5,"106":5,"107":9,"108":0,"109":0,"110":0,"111":0,"112":0,"113":0,"114":9,"115":0,"116":0,"117":0,"118":0,"119":0,"120":0,"121":0,"122":9},"f":{"0":9,"1":4,"2":0,"3":4,"4":4,"5":1,"6":0,"7":4,"8":4,"9":0,"10":4,"11":0,"12":0,"13":0,"14":0,"15":0,"16":0,"17":5,"18":0,"19":0,"20":0,"21":0,"22":0,"23":1,"24":5,"25":0,"26":5,"27":0,"28":0,"29":0,"30":0,"31":0},"b":{"0":[9,9],"1":[1],"2":[1,3],"3":[4,3],"4":[1,2],"5":[3,2],"6":[0],"7":[0,0],"8":[0],"9":[0],"10":[0],"11":[0],"12":[0],"13":[4],"14":[0],"15":[0],"16":[0],"17":[0],"18":[0],"19":[0],"20":[7,2],"21":[9],"22":[7,2],"23":[9,0],"24":[5],"25":[9,4],"26":[0,0],"27":[9,0],"28":[9],"29":[0,9],"30":[0]}}
,"/app/components/withAuth.tsx": {"path":"/app/components/withAuth.tsx","statementMap":{"0":{"start":{"line":7,"column":24},"end":{"line":7,"column":51}},"1":{"start":{"line":3,"column":41},"end":{"line":3,"column":null}},"2":{"start":{"line":4,"column":26},"end":{"line":4,"column":null}},"3":{"start":{"line":5,"column":38},"end":{"line":5,"column":null}},"4":{"start":{"line":8,"column":28},"end":{"line":28,"column":null}},"5":{"start":{"line":9,"column":19},"end":{"line":9,"column":null}},"6":{"start":{"line":11,"column":4},"end":{"line":18,"column":null}},"7":{"start":{"line":12,"column":20},"end":{"line":12,"column":null}},"8":{"start":{"line":13,"column":6},"end":{"line":15,"column":null}},"9":{"start":{"line":14,"column":8},"end":{"line":14,"column":34}},"10":{"start":{"line":23,"column":4},"end":{"line":25,"column":null}},"11":{"start":{"line":24,"column":6},"end":{"line":24,"column":19}},"12":{"start":{"line":31,"column":2},"end":{"line":31,"column":null}},"13":{"start":{"line":33,"column":2},"end":{"line":33,"column":null}}},"fnMap":{"0":{"name":"withAuth","decl":{"start":{"line":7,"column":24},"end":{"line":7,"column":51}},"loc":{"start":{"line":7,"column":85},"end":{"line":34,"column":null}}},"1":{"name":"(anonymous_2)","decl":{"start":{"line":8,"column":28},"end":{"line":8,"column":29}},"loc":{"start":{"line":8,"column":29},"end":{"line":28,"column":null}}},"2":{"name":"(anonymous_3)","decl":{"start":{"line":11,"column":14},"end":{"line":11,"column":null}},"loc":{"start":{"line":11,"column":14},"end":{"line":18,"column":7}}}},"branchMap":{"0":{"loc":{"start":{"line":13,"column":6},"end":{"line":15,"column":null}},"type":"if","locations":[{"start":{"line":13,"column":6},"end":{"line":15,"column":null}}]},"1":{"loc":{"start":{"line":23,"column":4},"end":{"line":25,"column":null}},"type":"if","locations":[{"start":{"line":23,"column":4},"end":{"line":25,"column":null}}]},"2":{"loc":{"start":{"line":31,"column":46},"end":{"line":31,"column":115}},"type":"binary-expr","locations":[{"start":{"line":31,"column":46},"end":{"line":31,"column":74}},{"start":{"line":31,"column":78},"end":{"line":31,"column":99}},{"start":{"line":31,"column":103},"end":{"line":31,"column":115}}]}},"s":{"0":2,"1":1,"2":1,"3":1,"4":2,"5":2,"6":2,"7":2,"8":2,"9":1,"10":2,"11":1,"12":2,"13":2},"f":{"0":2,"1":2,"2":2},"b":{"0":[1],"1":[1],"2":[2,0,0]}}
,"/app/components/withRole.tsx": {"path":"/app/components/withRole.tsx","statementMap":{"0":{"start":{"line":17,"column":24},"end":{"line":17,"column":51}},"1":{"start":{"line":3,"column":41},"end":{"line":3,"column":null}},"2":{"start":{"line":4,"column":26},"end":{"line":4,"column":null}},"3":{"start":{"line":5,"column":38},"end":{"line":5,"column":null}},"4":{"start":{"line":18,"column":28},"end":{"line":77,"column":null}},"5":{"start":{"line":19,"column":19},"end":{"line":19,"column":null}},"6":{"start":{"line":21,"column":4},"end":{"line":55,"column":null}},"7":{"start":{"line":22,"column":20},"end":{"line":22,"column":null}},"8":{"start":{"line":23,"column":6},"end":{"line":26,"column":null}},"9":{"start":{"line":24,"column":8},"end":{"line":24,"column":34}},"10":{"start":{"line":25,"column":8},"end":{"line":25,"column":null}},"11":{"start":{"line":28,"column":32},"end":{"line":28,"column":43}},"12":{"start":{"line":29,"column":6},"end":{"line":37,"column":null}},"13":{"start":{"line":31,"column":8},"end":{"line":31,"column":null}},"14":{"start":{"line":32,"column":8},"end":{"line":32,"column":42}},"15":{"start":{"line":33,"column":8},"end":{"line":33,"column":null}},"16":{"start":{"line":34,"column":8},"end":{"line":34,"column":null}},"17":{"start":{"line":35,"column":8},"end":{"line":35,"column":null}},"18":{"start":{"line":36,"column":8},"end":{"line":36,"column":null}},"19":{"start":{"line":39,"column":30},"end":{"line":41,"column":null}},"20":{"start":{"line":43,"column":6},"end":{"line":54,"column":null}},"21":{"start":{"line":47,"column":8},"end":{"line":47,"column":null}},"22":{"start":{"line":53,"column":8},"end":{"line":53,"column":34}},"23":{"start":{"line":59,"column":18},"end":{"line":59,"column":null}},"24":{"start":{"line":60,"column":17},"end":{"line":60,"column":null}},"25":{"start":{"line":62,"column":4},"end":{"line":64,"column":null}},"26":{"start":{"line":63,"column":6},"end":{"line":63,"column":19}},"27":{"start":{"line":66,"column":28},"end":{"line":68,"column":null}},"28":{"start":{"line":70,"column":4},"end":{"line":73,"column":null}},"29":{"start":{"line":72,"column":8},"end":{"line":72,"column":21}},"30":{"start":{"line":79,"column":2},"end":{"line":79,"column":null}},"31":{"start":{"line":81,"column":2},"end":{"line":81,"column":null}}},"fnMap":{"0":{"name":"withRole","decl":{"start":{"line":17,"column":24},"end":{"line":17,"column":51}},"loc":{"start":{"line":17,"column":112},"end":{"line":82,"column":null}}},"1":{"name":"(anonymous_2)","decl":{"start":{"line":18,"column":28},"end":{"line":18,"column":29}},"loc":{"start":{"line":18,"column":29},"end":{"line":77,"column":null}}},"2":{"name":"(anonymous_3)","decl":{"start":{"line":21,"column":14},"end":{"line":21,"column":null}},"loc":{"start":{"line":21,"column":14},"end":{"line":55,"column":7}}}},"branchMap":{"0":{"loc":{"start":{"line":23,"column":6},"end":{"line":26,"column":null}},"type":"if","locations":[{"start":{"line":23,"column":6},"end":{"line":26,"column":null}}]},"1":{"loc":{"start":{"line":29,"column":6},"end":{"line":37,"column":null}},"type":"if","locations":[{"start":{"line":29,"column":6},"end":{"line":37,"column":null}}]},"2":{"loc":{"start":{"line":39,"column":30},"end":{"line":41,"column":null}},"type":"cond-expr","locations":[{"start":{"line":40,"column":10},"end":{"line":40,"column":null}},{"start":{"line":41,"column":10},"end":{"line":41,"column":null}}]},"3":{"loc":{"start":{"line":43,"column":6},"end":{"line":54,"column":null}},"type":"if","locations":[{"start":{"line":43,"column":6},"end":{"line":54,"column":null}}]},"4":{"loc":{"start":{"line":62,"column":4},"end":{"line":64,"column":null}},"type":"if","locations":[{"start":{"line":62,"column":4},"end":{"line":64,"column":null}}]},"5":{"loc":{"start":{"line":62,"column":8},"end":{"line":62,"column":25}},"type":"binary-expr","locations":[{"start":{"line":62,"column":8},"end":{"line":62,"column":18}},{"start":{"line":62,"column":18},"end":{"line":62,"column":25}}]},"6":{"loc":{"start":{"line":66,"column":28},"end":{"line":68,"column":null}},"type":"cond-expr","locations":[{"start":{"line":67,"column":10},"end":{"line":67,"column":null}},{"start":{"line":68,"column":10},"end":{"line":68,"column":null}}]},"7":{"loc":{"start":{"line":70,"column":4},"end":{"line":73,"column":null}},"type":"if","locations":[{"start":{"line":70,"column":4},"end":{"line":73,"column":null}}]},"8":{"loc":{"start":{"line":79,"column":46},"end":{"line":79,"column":115}},"type":"binary-expr","locations":[{"start":{"line":79,"column":46},"end":{"line":79,"column":74}},{"start":{"line":79,"column":78},"end":{"line":79,"column":99}},{"start":{"line":79,"column":103},"end":{"line":79,"column":115}}]}},"s":{"0":6,"1":1,"2":1,"3":1,"4":6,"5":8,"6":8,"7":5,"8":5,"9":1,"10":1,"11":4,"12":4,"13":1,"14":1,"15":1,"16":1,"17":1,"18":1,"19":3,"20":3,"21":1,"22":1,"23":7,"24":7,"25":5,"26":2,"27":3,"28":3,"29":1,"30":6,"31":6},"f":{"0":6,"1":8,"2":5},"b":{"0":[1],"1":[1],"2":[1,2],"3":[1],"4":[2],"5":[5,4],"6":[1,2],"7":[1],"8":[6,0,0]}}
,"/app/components/ui/badge.tsx": {"path":"/app/components/ui/badge.tsx","statementMap":{"0":{"start":{"line":36,"column":9},"end":{"line":36,"column":14}},"1":{"start":{"line":36,"column":16},"end":{"line":36,"column":29}},"2":{"start":{"line":1,"column":23},"end":{"line":1,"column":null}},"3":{"start":{"line":2,"column":39},"end":{"line":2,"column":null}},"4":{"start":{"line":4,"column":19},"end":{"line":4,"column":null}},"5":{"start":{"line":6,"column":22},"end":{"line":23,"column":null}}},"fnMap":{"0":{"name":"Badge","decl":{"start":{"line":30,"column":9},"end":{"line":30,"column":15}},"loc":{"start":{"line":30,"column":59},"end":{"line":34,"column":null}}}},"branchMap":{},"s":{"0":23,"1":0,"2":1,"3":1,"4":1,"5":1},"f":{"0":23},"b":{}}
,"/app/components/ui/button.tsx": {"path":"/app/components/ui/button.tsx","statementMap":{"0":{"start":{"line":56,"column":9},"end":{"line":56,"column":15}},"1":{"start":{"line":56,"column":17},"end":{"line":56,"column":31}},"2":{"start":{"line":1,"column":23},"end":{"line":1,"column":null}},"3":{"start":{"line":2,"column":21},"end":{"line":2,"column":null}},"4":{"start":{"line":3,"column":39},"end":{"line":3,"column":null}},"5":{"start":{"line":5,"column":19},"end":{"line":5,"column":null}},"6":{"start":{"line":7,"column":23},"end":{"line":33,"column":null}},"7":{"start":{"line":42,"column":15},"end":{"line":52,"column":null}},"8":{"start":{"line":44,"column":17},"end":{"line":44,"column":null}},"9":{"start":{"line":54,"column":0},"end":{"line":54,"column":null}}},"fnMap":{"0":{"name":"(anonymous_6)","decl":{"start":{"line":43,"column":2},"end":{"line":43,"column":3}},"loc":{"start":{"line":43,"column":60},"end":{"line":52,"column":null}}}},"branchMap":{"0":{"loc":{"start":{"line":43,"column":31},"end":{"line":43,"column":46}},"type":"default-arg","locations":[{"start":{"line":43,"column":41},"end":{"line":43,"column":46}}]},"1":{"loc":{"start":{"line":44,"column":17},"end":{"line":44,"column":null}},"type":"cond-expr","locations":[{"start":{"line":44,"column":27},"end":{"line":44,"column":31}},{"start":{"line":44,"column":34},"end":{"line":44,"column":null}}]}},"s":{"0":36,"1":0,"2":2,"3":2,"4":2,"5":2,"6":2,"7":2,"8":34,"9":2},"f":{"0":34},"b":{"0":[16],"1":[18,16]}}
,"/app/lib/axios.ts": {"path":"/app/lib/axios.ts","statementMap":{"0":{"start":{"line":139,"column":0},"end":{"line":139,"column":15}},"1":{"start":{"line":142,"column":40},"end":{"line":142,"column":52}},"2":{"start":{"line":142,"column":54},"end":{"line":142,"column":69}},"3":{"start":{"line":142,"column":95},"end":{"line":142,"column":102}},"4":{"start":{"line":142,"column":71},"end":{"line":142,"column":82}},"5":{"start":{"line":142,"column":21},"end":{"line":142,"column":38}},"6":{"start":{"line":142,"column":9},"end":{"line":142,"column":19}},"7":{"start":{"line":142,"column":84},"end":{"line":142,"column":93}},"8":{"start":{"line":1,"column":18},"end":{"line":1,"column":null}},"9":{"start":{"line":4,"column":19},"end":{"line":6,"column":null}},"10":{"start":{"line":5,"column":2},"end":{"line":5,"column":null}},"11":{"start":{"line":5,"column":37},"end":{"line":5,"column":null}},"12":{"start":{"line":7,"column":26},"end":{"line":9,"column":null}},"13":{"start":{"line":8,"column":2},"end":{"line":8,"column":null}},"14":{"start":{"line":8,"column":37},"end":{"line":8,"column":null}},"15":{"start":{"line":10,"column":21},"end":{"line":12,"column":null}},"16":{"start":{"line":11,"column":2},"end":{"line":11,"column":null}},"17":{"start":{"line":13,"column":24},"end":{"line":15,"column":null}},"18":{"start":{"line":14,"column":2},"end":{"line":14,"column":null}},"19":{"start":{"line":16,"column":20},"end":{"line":22,"column":null}},"20":{"start":{"line":17,"column":2},"end":{"line":21,"column":null}},"21":{"start":{"line":18,"column":4},"end":{"line":18,"column":null}},"22":{"start":{"line":19,"column":4},"end":{"line":19,"column":null}},"23":{"start":{"line":20,"column":4},"end":{"line":20,"column":37}},"24":{"start":{"line":23,"column":18},"end":{"line":27,"column":null}},"25":{"start":{"line":24,"column":2},"end":{"line":26,"column":null}},"26":{"start":{"line":25,"column":4},"end":{"line":25,"column":null}},"27":{"start":{"line":28,"column":16},"end":{"line":34,"column":null}},"28":{"start":{"line":29,"column":2},"end":{"line":32,"column":null}},"29":{"start":{"line":30,"column":20},"end":{"line":30,"column":null}},"30":{"start":{"line":31,"column":4},"end":{"line":31,"column":null}},"31":{"start":{"line":33,"column":2},"end":{"line":33,"column":null}},"32":{"start":{"line":37,"column":18},"end":{"line":39,"column":null}},"33":{"start":{"line":42,"column":0},"end":{"line":52,"column":null}},"34":{"start":{"line":44,"column":18},"end":{"line":44,"column":null}},"35":{"start":{"line":45,"column":4},"end":{"line":47,"column":null}},"36":{"start":{"line":46,"column":6},"end":{"line":46,"column":null}},"37":{"start":{"line":48,"column":4},"end":{"line":48,"column":null}},"38":{"start":{"line":51,"column":4},"end":{"line":51,"column":null}},"39":{"start":{"line":56,"column":19},"end":{"line":56,"column":null}},"40":{"start":{"line":57,"column":89},"end":{"line":57,"column":91}},"41":{"start":{"line":59,"column":21},"end":{"line":68,"column":null}},"42":{"start":{"line":60,"column":2},"end":{"line":66,"column":null}},"43":{"start":{"line":61,"column":4},"end":{"line":65,"column":null}},"44":{"start":{"line":62,"column":6},"end":{"line":62,"column":null}},"45":{"start":{"line":64,"column":6},"end":{"line":64,"column":null}},"46":{"start":{"line":67,"column":2},"end":{"line":67,"column":null}},"47":{"start":{"line":70,"column":0},"end":{"line":136,"column":null}},"48":{"start":{"line":72,"column":4},"end":{"line":72,"column":null}},"49":{"start":{"line":75,"column":28},"end":{"line":75,"column":40}},"50":{"start":{"line":76,"column":4},"end":{"line":134,"column":null}},"51":{"start":{"line":77,"column":6},"end":{"line":88,"column":null}},"52":{"start":{"line":78,"column":8},"end":{"line":87,"column":null}},"53":{"start":{"line":79,"column":10},"end":{"line":79,"column":null}},"54":{"start":{"line":82,"column":12},"end":{"line":82,"column":null}},"55":{"start":{"line":83,"column":12},"end":{"line":83,"column":47}},"56":{"start":{"line":86,"column":12},"end":{"line":86,"column":40}},"57":{"start":{"line":90,"column":6},"end":{"line":90,"column":37}},"58":{"start":{"line":91,"column":6},"end":{"line":91,"column":null}},"59":{"start":{"line":93,"column":34},"end":{"line":93,"column":null}},"60":{"start":{"line":94,"column":6},"end":{"line":103,"column":null}},"61":{"start":{"line":95,"column":8},"end":{"line":95,"column":null}},"62":{"start":{"line":96,"column":8},"end":{"line":96,"column":23}},"63":{"start":{"line":98,"column":8},"end":{"line":100,"column":null}},"64":{"start":{"line":99,"column":10},"end":{"line":99,"column":null}},"65":{"start":{"line":101,"column":8},"end":{"line":101,"column":30}},"66":{"start":{"line":102,"column":8},"end":{"line":102,"column":null}},"67":{"start":{"line":105,"column":6},"end":{"line":133,"column":null}},"68":{"start":{"line":107,"column":32},"end":{"line":107,"column":null}},"69":{"start":{"line":108,"column":63},"end":{"line":108,"column":83}},"70":{"start":{"line":110,"column":8},"end":{"line":110,"column":null}},"71":{"start":{"line":111,"column":8},"end":{"line":113,"column":null}},"72":{"start":{"line":112,"column":10},"end":{"line":112,"column":null}},"73":{"start":{"line":114,"column":8},"end":{"line":116,"column":null}},"74":{"start":{"line":115,"column":12},"end":{"line":115,"column":null}},"75":{"start":{"line":118,"column":8},"end":{"line":118,"column":77}},"76":{"start":{"line":119,"column":8},"end":{"line":119,"column":67}},"77":{"start":{"line":120,"column":8},"end":{"line":120,"column":35}},"78":{"start":{"line":121,"column":8},"end":{"line":121,"column":43}},"79":{"start":{"line":123,"column":8},"end":{"line":123,"column":42}},"80":{"start":{"line":124,"column":8},"end":{"line":124,"column":null}},"81":{"start":{"line":125,"column":8},"end":{"line":125,"column":23}},"82":{"start":{"line":127,"column":8},"end":{"line":129,"column":null}},"83":{"start":{"line":128,"column":10},"end":{"line":128,"column":null}},"84":{"start":{"line":130,"column":8},"end":{"line":130,"column":null}},"85":{"start":{"line":132,"column":8},"end":{"line":132,"column":30}},"86":{"start":{"line":135,"column":4},"end":{"line":135,"column":34}},"87":{"start":{"line":139,"column":15},"end":{"line":139,"column":25}}},"fnMap":{"0":{"name":"(anonymous_10)","decl":{"start":{"line":4,"column":19},"end":{"line":4,"column":20}},"loc":{"start":{"line":4,"column":20},"end":{"line":6,"column":null}}},"1":{"name":"(anonymous_11)","decl":{"start":{"line":7,"column":26},"end":{"line":7,"column":27}},"loc":{"start":{"line":7,"column":27},"end":{"line":9,"column":null}}},"2":{"name":"(anonymous_12)","decl":{"start":{"line":10,"column":21},"end":{"line":10,"column":null}},"loc":{"start":{"line":10,"column":21},"end":{"line":12,"column":null}}},"3":{"name":"(anonymous_13)","decl":{"start":{"line":13,"column":24},"end":{"line":13,"column":null}},"loc":{"start":{"line":13,"column":24},"end":{"line":15,"column":null}}},"4":{"name":"(anonymous_14)","decl":{"start":{"line":16,"column":20},"end":{"line":16,"column":null}},"loc":{"start":{"line":16,"column":20},"end":{"line":22,"column":null}}},"5":{"name":"(anonymous_15)","decl":{"start":{"line":23,"column":18},"end":{"line":23,"column":19}},"loc":{"start":{"line":23,"column":19},"end":{"line":27,"column":null}}},"6":{"name":"(anonymous_16)","decl":{"start":{"line":28,"column":16},"end":{"line":28,"column":null}},"loc":{"start":{"line":28,"column":16},"end":{"line":34,"column":null}}},"7":{"name":"(anonymous_17)","decl":{"start":{"line":43,"column":2},"end":{"line":43,"column":3}},"loc":{"start":{"line":43,"column":3},"end":{"line":49,"column":null}}},"8":{"name":"(anonymous_18)","decl":{"start":{"line":50,"column":2},"end":{"line":50,"column":3}},"loc":{"start":{"line":50,"column":3},"end":{"line":52,"column":null}}},"9":{"name":"(anonymous_19)","decl":{"start":{"line":59,"column":21},"end":{"line":59,"column":22}},"loc":{"start":{"line":59,"column":61},"end":{"line":68,"column":null}}},"10":{"name":"(anonymous_20)","decl":{"start":{"line":60,"column":22},"end":{"line":60,"column":null}},"loc":{"start":{"line":60,"column":22},"end":{"line":66,"column":null}}},"11":{"name":"(anonymous_21)","decl":{"start":{"line":71,"column":2},"end":{"line":71,"column":3}},"loc":{"start":{"line":71,"column":3},"end":{"line":73,"column":null}}},"12":{"name":"(anonymous_22)","decl":{"start":{"line":74,"column":2},"end":{"line":74,"column":9}},"loc":{"start":{"line":74,"column":9},"end":{"line":136,"column":null}}},"13":{"name":"(anonymous_23)","decl":{"start":{"line":78,"column":27},"end":{"line":78,"column":28}},"loc":{"start":{"line":78,"column":37},"end":{"line":80,"column":null}}},"14":{"name":"(anonymous_24)","decl":{"start":{"line":81,"column":16},"end":{"line":81,"column":null}},"loc":{"start":{"line":81,"column":16},"end":{"line":84,"column":null}}},"15":{"name":"(anonymous_25)","decl":{"start":{"line":85,"column":17},"end":{"line":85,"column":null}},"loc":{"start":{"line":85,"column":17},"end":{"line":87,"column":null}}}},"branchMap":{"0":{"loc":{"start":{"line":5,"column":2},"end":{"line":5,"column":null}},"type":"if","locations":[{"start":{"line":5,"column":2},"end":{"line":5,"column":null}}]},"1":{"loc":{"start":{"line":8,"column":2},"end":{"line":8,"column":null}},"type":"if","locations":[{"start":{"line":8,"column":2},"end":{"line":8,"column":null}}]},"2":{"loc":{"start":{"line":11,"column":9},"end":{"line":11,"column":null}},"type":"cond-expr","locations":[{"start":{"line":11,"column":41},"end":{"line":11,"column":73}},{"start":{"line":11,"column":73},"end":{"line":11,"column":null}}]},"3":{"loc":{"start":{"line":14,"column":9},"end":{"line":14,"column":null}},"type":"cond-expr","locations":[{"start":{"line":14,"column":41},"end":{"line":14,"column":80}},{"start":{"line":14,"column":80},"end":{"line":14,"column":null}}]},"4":{"loc":{"start":{"line":17,"column":2},"end":{"line":21,"column":null}},"type":"if","locations":[{"start":{"line":17,"column":2},"end":{"line":21,"column":null}}]},"5":{"loc":{"start":{"line":24,"column":2},"end":{"line":26,"column":null}},"type":"if","locations":[{"start":{"line":24,"column":2},"end":{"line":26,"column":null}}]},"6":{"loc":{"start":{"line":29,"column":2},"end":{"line":32,"column":null}},"type":"if","locations":[{"start":{"line":29,"column":2},"end":{"line":32,"column":null}}]},"7":{"loc":{"start":{"line":31,"column":11},"end":{"line":31,"column":null}},"type":"cond-expr","locations":[{"start":{"line":31,"column":21},"end":{"line":31,"column":43}},{"start":{"line":31,"column":43},"end":{"line":31,"column":null}}]},"8":{"loc":{"start":{"line":38,"column":11},"end":{"line":38,"column":null}},"type":"binary-expr","locations":[{"start":{"line":38,"column":11},"end":{"line":38,"column":42}},{"start":{"line":38,"column":46},"end":{"line":38,"column":null}}]},"9":{"loc":{"start":{"line":45,"column":4},"end":{"line":47,"column":null}},"type":"if","locations":[{"start":{"line":45,"column":4},"end":{"line":47,"column":null}}]},"10":{"loc":{"start":{"line":59,"column":34},"end":{"line":59,"column":61}},"type":"default-arg","locations":[{"start":{"line":59,"column":57},"end":{"line":59,"column":61}}]},"11":{"loc":{"start":{"line":61,"column":4},"end":{"line":65,"column":null}},"type":"if","locations":[{"start":{"line":61,"column":4},"end":{"line":65,"column":null}},{"start":{"line":63,"column":11},"end":{"line":65,"column":null}}]},"12":{"loc":{"start":{"line":76,"column":4},"end":{"line":134,"column":null}},"type":"if","locations":[{"start":{"line":76,"column":4},"end":{"line":134,"column":null}}]},"13":{"loc":{"start":{"line":76,"column":8},"end":{"line":76,"column":82}},"type":"binary-expr","locations":[{"start":{"line":76,"column":8},"end":{"line":76,"column":22}},{"start":{"line":76,"column":26},"end":{"line":76,"column":59}},{"start":{"line":76,"column":59},"end":{"line":76,"column":82}}]},"14":{"loc":{"start":{"line":77,"column":6},"end":{"line":88,"column":null}},"type":"if","locations":[{"start":{"line":77,"column":6},"end":{"line":88,"column":null}}]},"15":{"loc":{"start":{"line":94,"column":6},"end":{"line":103,"column":null}},"type":"if","locations":[{"start":{"line":94,"column":6},"end":{"line":103,"column":null}}]},"16":{"loc":{"start":{"line":98,"column":8},"end":{"line":100,"column":null}},"type":"if","locations":[{"start":{"line":98,"column":8},"end":{"line":100,"column":null}}]},"17":{"loc":{"start":{"line":107,"column":52},"end":{"line":107,"column":94}},"type":"binary-expr","locations":[{"start":{"line":107,"column":52},"end":{"line":107,"column":83}},{"start":{"line":107,"column":87},"end":{"line":107,"column":94}}]},"18":{"loc":{"start":{"line":111,"column":8},"end":{"line":113,"column":null}},"type":"if","locations":[{"start":{"line":111,"column":8},"end":{"line":113,"column":null}}]},"19":{"loc":{"start":{"line":114,"column":8},"end":{"line":116,"column":null}},"type":"if","locations":[{"start":{"line":114,"column":8},"end":{"line":116,"column":null}}]},"20":{"loc":{"start":{"line":127,"column":8},"end":{"line":129,"column":null}},"type":"if","locations":[{"start":{"line":127,"column":8},"end":{"line":129,"column":null}}]}},"s":{"0":0,"1":16,"2":0,"3":11,"4":0,"5":0,"6":0,"7":0,"8":1,"9":1,"10":0,"11":0,"12":1,"13":0,"14":0,"15":1,"16":16,"17":1,"18":0,"19":1,"20":0,"21":0,"22":0,"23":0,"24":1,"25":0,"26":0,"27":1,"28":11,"29":11,"30":11,"31":0,"32":1,"33":1,"34":0,"35":0,"36":0,"37":0,"38":0,"39":1,"40":1,"41":1,"42":0,"43":0,"44":0,"45":0,"46":0,"47":1,"48":0,"49":0,"50":0,"51":0,"52":0,"53":0,"54":0,"55":0,"56":0,"57":0,"58":0,"59":0,"60":0,"61":0,"62":0,"63":0,"64":0,"65":0,"66":0,"67":0,"68":0,"69":0,"70":0,"71":0,"72":0,"73":0,"74":0,"75":0,"76":0,"77":0,"78":0,"79":0,"80":0,"81":0,"82":0,"83":0,"84":0,"85":0,"86":0,"87":1},"f":{"0":0,"1":0,"2":16,"3":0,"4":0,"5":0,"6":11,"7":0,"8":0,"9":0,"10":0,"11":0,"12":0,"13":0,"14":0,"15":0},"b":{"0":[0],"1":[0],"2":[16,0],"3":[0,0],"4":[0],"5":[0],"6":[11],"7":[8,3],"8":[1,1],"9":[0],"10":[0],"11":[0,0],"12":[0],"13":[0,0,0],"14":[0],"15":[0],"16":[0],"17":[0,0],"18":[0],"19":[0],"20":[0]}}
,"/app/lib/utils.ts": {"path":"/app/lib/utils.ts","statementMap":{"0":{"start":{"line":4,"column":16},"end":{"line":4,"column":19}},"1":{"start":{"line":1,"column":38},"end":{"line":1,"column":null}},"2":{"start":{"line":2,"column":24},"end":{"line":2,"column":null}},"3":{"start":{"line":5,"column":2},"end":{"line":5,"column":null}}},"fnMap":{"0":{"name":"cn","decl":{"start":{"line":4,"column":16},"end":{"line":4,"column":19}},"loc":{"start":{"line":4,"column":42},"end":{"line":6,"column":null}}}},"branchMap":{},"s":{"0":57,"1":2,"2":2,"3":57},"f":{"0":57},"b":{}}
}
