TN:
SF:app/login/page.tsx
FN:8,LoginPage
FN:15,(anonymous_3)
FN:70,(anonymous_4)
FN:87,(anonymous_5)
FNF:4
FNH:4
FNDA:174,LoginPage
FNDA:5,(anonymous_3)
FNDA:102,(anonymous_4)
FNDA:56,(anonymous_5)
DA:3,1
DA:4,1
DA:5,1
DA:6,1
DA:8,7
DA:9,174
DA:10,174
DA:11,174
DA:12,174
DA:13,174
DA:15,174
DA:16,5
DA:17,5
DA:18,5
DA:20,5
DA:21,5
DA:22,2
DA:25,2
DA:26,2
DA:27,2
DA:31,2
DA:32,1
DA:33,1
DA:34,1
DA:37,0
DA:40,2
DA:41,1
DA:43,1
DA:45,2
DA:47,4
DA:70,102
DA:87,56
LF:32
LH:31
BRDA:31,0,0,1
BRDA:31,0,1,1
BRDA:33,1,0,1
BRDA:33,1,1,0
BRDA:40,2,0,1
BRDA:40,2,1,1
BRDA:40,3,0,2
BRDA:40,3,1,1
BRDA:40,3,2,1
BRDA:93,4,0,174
BRDA:99,5,0,5
BRDA:99,5,1,169
BRF:12
BRH:11
end_of_record
TN:
SF:components/appointment-list.tsx
FN:32,AppointmentList
FN:57,(anonymous_3)
FNF:2
FNH:2
FNDA:10,AppointmentList
FNDA:23,(anonymous_3)
DA:3,1
DA:4,1
DA:5,1
DA:6,1
DA:32,10
DA:35,10
DA:40,9
DA:58,23
LF:8
LH:8
BRDA:35,0,0,1
BRDA:35,1,0,10
BRDA:35,1,1,10
BRDA:48,2,0,5
BRDA:48,2,1,4
BRDA:60,3,0,15
BRDA:60,3,1,8
BRDA:60,4,0,8
BRDA:60,4,1,0
BRDA:65,5,0,9
BRDA:65,5,1,14
BRDA:65,6,0,23
BRDA:65,6,1,14
BRDA:67,7,0,9
BRDA:67,7,1,14
BRDA:67,8,0,23
BRDA:67,8,1,14
BRDA:69,9,0,5
BRDA:69,9,1,9
BRDA:69,10,0,14
BRDA:69,10,1,9
BRDA:79,11,0,9
BRDA:79,11,1,14
BRDA:79,12,0,23
BRDA:79,12,1,14
BRDA:79,12,2,14
BRDA:79,12,3,14
BRDA:87,13,0,5
BRDA:87,13,1,4
BRDA:90,14,0,9
BRDA:90,14,1,5
BRDA:90,15,0,14
BRDA:90,15,1,5
BRDA:93,16,0,5
BRDA:93,16,1,4
BRF:35
BRH:34
end_of_record
TN:
SF:components/hospital-logo.tsx
FN:6,HospitalLogo
FNF:1
FNH:1
FNDA:174,HospitalLogo
DA:3,1
DA:4,1
DA:6,174
DA:7,174
LF:4
LH:4
BRDA:12,0,0,174
BRDA:12,0,1,0
BRF:2
BRH:1
end_of_record
TN:
SF:components/hospital-theme-provider.tsx
FN:32,HospitalThemeProvider
FN:41,(anonymous_4)
FN:62,(anonymous_5)
FN:79,useHospitalTheme
FNF:4
FNH:4
FNDA:14,HospitalThemeProvider
FNDA:7,(anonymous_4)
FNDA:14,(anonymous_5)
FNDA:174,useHospitalTheme
DA:5,1
DA:17,1
DA:30,1
DA:32,7
DA:37,14
DA:38,14
DA:41,14
DA:42,7
DA:62,14
DA:63,14
DA:64,7
DA:65,7
DA:66,7
DA:67,7
DA:72,14
DA:73,7
DA:79,174
DA:80,174
DA:81,174
DA:82,0
DA:84,174
LF:21
LH:20
BRDA:63,0,0,7
BRDA:72,1,0,7
BRDA:81,2,0,0
BRF:3
BRH:2
end_of_record
TN:
SF:components/video-chat.tsx
FN:14,VideoChat
FN:30,(anonymous_3)
FN:31,(anonymous_4)
FN:33,(anonymous_5)
FN:37,(anonymous_6)
FN:39,(anonymous_7)
FN:43,(anonymous_8)
FN:50,(anonymous_9)
FN:63,(anonymous_10)
FN:64,(anonymous_11)
FN:72,(anonymous_12)
FN:76,(anonymous_13)
FN:88,(anonymous_14)
FN:89,(anonymous_15)
FN:93,(anonymous_16)
FN:96,(anonymous_17)
FN:101,(anonymous_18)
FN:105,(anonymous_19)
FN:110,(anonymous_20)
FN:111,(anonymous_21)
FN:114,(anonymous_22)
FN:115,(anonymous_23)
FN:121,(anonymous_24)
FN:126,(anonymous_25)
FN:138,(anonymous_26)
FN:139,(anonymous_27)
FN:145,(anonymous_28)
FN:149,(anonymous_29)
FN:151,(anonymous_30)
FN:152,(anonymous_31)
FN:154,(anonymous_32)
FN:157,(anonymous_33)
FNF:32
FNH:12
FNDA:9,VideoChat
FNDA:4,(anonymous_3)
FNDA:0,(anonymous_4)
FNDA:4,(anonymous_5)
FNDA:4,(anonymous_6)
FNDA:1,(anonymous_7)
FNDA:0,(anonymous_8)
FNDA:4,(anonymous_9)
FNDA:4,(anonymous_10)
FNDA:0,(anonymous_11)
FNDA:4,(anonymous_12)
FNDA:0,(anonymous_13)
FNDA:0,(anonymous_14)
FNDA:0,(anonymous_15)
FNDA:0,(anonymous_16)
FNDA:0,(anonymous_17)
FNDA:0,(anonymous_18)
FNDA:5,(anonymous_19)
FNDA:0,(anonymous_20)
FNDA:0,(anonymous_21)
FNDA:0,(anonymous_22)
FNDA:0,(anonymous_23)
FNDA:0,(anonymous_24)
FNDA:1,(anonymous_25)
FNDA:5,(anonymous_26)
FNDA:0,(anonymous_27)
FNDA:5,(anonymous_28)
FNDA:0,(anonymous_29)
FNDA:0,(anonymous_30)
FNDA:0,(anonymous_31)
FNDA:0,(anonymous_32)
FNDA:0,(anonymous_33)
DA:3,1
DA:4,1
DA:5,1
DA:6,1
DA:7,1
DA:14,4
DA:15,9
DA:16,9
DA:17,9
DA:18,9
DA:19,9
DA:20,9
DA:21,9
DA:22,9
DA:24,9
DA:25,9
DA:26,9
DA:27,9
DA:30,9
DA:31,4
DA:32,4
DA:33,4
DA:37,9
DA:38,4
DA:40,1
DA:41,1
DA:42,1
DA:43,1
DA:44,0
DA:48,0
DA:51,4
DA:52,4
DA:53,1
DA:54,3
DA:55,1
DA:57,2
DA:63,9
DA:64,4
DA:65,0
DA:66,0
DA:67,0
DA:71,4
DA:72,4
DA:76,9
DA:77,0
DA:78,0
DA:79,0
DA:80,0
DA:81,0
DA:82,0
DA:83,0
DA:84,0
DA:86,0
DA:87,0
DA:88,0
DA:89,0
DA:90,0
DA:91,0
DA:92,0
DA:93,0
DA:96,0
DA:97,0
DA:98,0
DA:101,0
DA:105,9
DA:106,5
DA:107,1
DA:108,1
DA:110,1
DA:111,0
DA:112,0
DA:114,1
DA:115,0
DA:116,0
DA:117,0
DA:119,1
DA:120,1
DA:121,1
DA:124,1
DA:126,1
DA:127,1
DA:128,1
DA:129,1
DA:130,1
DA:131,1
DA:132,1
DA:133,1
DA:138,9
DA:139,5
DA:140,0
DA:141,0
DA:144,5
DA:145,5
DA:149,9
DA:150,0
DA:151,0
DA:152,0
DA:154,9
DA:155,0
DA:156,0
DA:157,0
DA:158,0
DA:159,0
DA:162,9
LF:104
LH:64
BRDA:24,0,0,9
BRDA:24,0,1,9
BRDA:41,1,0,1
BRDA:52,2,0,1
BRDA:52,2,1,3
BRDA:52,3,0,4
BRDA:52,3,1,3
BRDA:54,4,0,1
BRDA:54,4,1,2
BRDA:54,5,0,3
BRDA:54,5,1,2
BRDA:66,6,0,0
BRDA:66,7,0,0
BRDA:66,7,1,0
BRDA:77,8,0,0
BRDA:79,9,0,0
BRDA:84,10,0,0
BRDA:91,11,0,0
BRDA:98,12,0,0
BRDA:106,13,0,4
BRDA:117,14,0,0
BRDA:124,15,0,0
BRDA:133,16,0,0
BRDA:140,17,0,0
BRDA:150,18,0,0
BRDA:155,19,0,0
BRDA:162,20,0,7
BRDA:162,20,1,2
BRDA:172,21,0,9
BRDA:175,22,0,7
BRDA:175,22,1,2
BRDA:181,23,0,9
BRDA:181,23,1,0
BRDA:193,24,0,5
BRDA:201,25,0,9
BRDA:201,25,1,4
BRDA:205,26,0,0
BRDA:205,26,1,0
BRDA:219,27,0,9
BRDA:219,27,1,0
BRDA:222,28,0,9
BRDA:228,29,0,0
BRDA:228,29,1,9
BRDA:231,30,0,0
BRF:44
BRH:24
end_of_record
TN:
SF:components/withAuth.tsx
FN:7,withAuth
FN:8,(anonymous_2)
FN:11,(anonymous_3)
FNF:3
FNH:3
FNDA:2,withAuth
FNDA:2,(anonymous_2)
FNDA:2,(anonymous_3)
DA:3,1
DA:4,1
DA:5,1
DA:7,2
DA:8,2
DA:9,2
DA:11,2
DA:12,2
DA:13,2
DA:14,1
DA:23,2
DA:24,1
DA:31,2
DA:33,2
LF:14
LH:14
BRDA:13,0,0,1
BRDA:23,1,0,1
BRDA:31,2,0,2
BRDA:31,2,1,0
BRDA:31,2,2,0
BRF:5
BRH:3
end_of_record
TN:
SF:components/withRole.tsx
FN:17,withRole
FN:18,(anonymous_2)
FN:21,(anonymous_3)
FNF:3
FNH:3
FNDA:6,withRole
FNDA:8,(anonymous_2)
FNDA:5,(anonymous_3)
DA:3,1
DA:4,1
DA:5,1
DA:17,6
DA:18,6
DA:19,8
DA:21,8
DA:22,5
DA:23,5
DA:24,1
DA:25,1
DA:28,4
DA:29,4
DA:31,1
DA:32,1
DA:33,1
DA:34,1
DA:35,1
DA:36,1
DA:39,3
DA:43,3
DA:47,1
DA:53,1
DA:59,7
DA:60,7
DA:62,5
DA:63,2
DA:66,3
DA:70,3
DA:72,1
DA:79,6
DA:81,6
LF:32
LH:32
BRDA:23,0,0,1
BRDA:29,1,0,1
BRDA:39,2,0,1
BRDA:39,2,1,2
BRDA:43,3,0,1
BRDA:62,4,0,2
BRDA:62,5,0,5
BRDA:62,5,1,4
BRDA:66,6,0,1
BRDA:66,6,1,2
BRDA:70,7,0,1
BRDA:79,8,0,6
BRDA:79,8,1,0
BRDA:79,8,2,0
BRF:14
BRH:12
end_of_record
TN:
SF:components/ui/badge.tsx
FN:30,Badge
FNF:1
FNH:1
FNDA:23,Badge
DA:1,1
DA:2,1
DA:4,1
DA:6,1
DA:36,23
LF:5
LH:5
BRF:0
BRH:0
end_of_record
TN:
SF:components/ui/button.tsx
FN:43,(anonymous_6)
FNF:1
FNH:1
FNDA:34,(anonymous_6)
DA:1,2
DA:2,2
DA:3,2
DA:5,2
DA:7,2
DA:42,2
DA:44,34
DA:54,2
DA:56,36
LF:9
LH:9
BRDA:43,0,0,16
BRDA:44,1,0,18
BRDA:44,1,1,16
BRF:3
BRH:3
end_of_record
TN:
SF:lib/axios.ts
FN:4,(anonymous_10)
FN:7,(anonymous_11)
FN:10,(anonymous_12)
FN:13,(anonymous_13)
FN:16,(anonymous_14)
FN:23,(anonymous_15)
FN:28,(anonymous_16)
FN:43,(anonymous_17)
FN:50,(anonymous_18)
FN:59,(anonymous_19)
FN:60,(anonymous_20)
FN:71,(anonymous_21)
FN:74,(anonymous_22)
FN:78,(anonymous_23)
FN:81,(anonymous_24)
FN:85,(anonymous_25)
FNF:16
FNH:2
FNDA:0,(anonymous_10)
FNDA:0,(anonymous_11)
FNDA:16,(anonymous_12)
FNDA:0,(anonymous_13)
FNDA:0,(anonymous_14)
FNDA:0,(anonymous_15)
FNDA:11,(anonymous_16)
FNDA:0,(anonymous_17)
FNDA:0,(anonymous_18)
FNDA:0,(anonymous_19)
FNDA:0,(anonymous_20)
FNDA:0,(anonymous_21)
FNDA:0,(anonymous_22)
FNDA:0,(anonymous_23)
FNDA:0,(anonymous_24)
FNDA:0,(anonymous_25)
DA:1,1
DA:4,1
DA:5,0
DA:7,1
DA:8,0
DA:10,1
DA:11,16
DA:13,1
DA:14,0
DA:16,1
DA:17,0
DA:18,0
DA:19,0
DA:20,0
DA:23,1
DA:24,0
DA:25,0
DA:28,1
DA:29,11
DA:30,11
DA:31,11
DA:33,0
DA:37,1
DA:42,1
DA:44,0
DA:45,0
DA:46,0
DA:48,0
DA:51,0
DA:56,1
DA:57,1
DA:59,1
DA:60,0
DA:61,0
DA:62,0
DA:64,0
DA:67,0
DA:70,1
DA:72,0
DA:75,0
DA:76,0
DA:77,0
DA:78,0
DA:79,0
DA:82,0
DA:83,0
DA:86,0
DA:90,0
DA:91,0
DA:93,0
DA:94,0
DA:95,0
DA:96,0
DA:98,0
DA:99,0
DA:101,0
DA:102,0
DA:105,0
DA:107,0
DA:108,0
DA:110,0
DA:111,0
DA:112,0
DA:114,0
DA:115,0
DA:118,0
DA:119,0
DA:120,0
DA:121,0
DA:123,0
DA:124,0
DA:125,0
DA:127,0
DA:128,0
DA:130,0
DA:132,0
DA:135,0
DA:139,1
DA:142,16
LF:79
LH:20
BRDA:5,0,0,0
BRDA:8,1,0,0
BRDA:11,2,0,16
BRDA:11,2,1,0
BRDA:14,3,0,0
BRDA:14,3,1,0
BRDA:17,4,0,0
BRDA:24,5,0,0
BRDA:29,6,0,11
BRDA:31,7,0,8
BRDA:31,7,1,3
BRDA:38,8,0,1
BRDA:38,8,1,1
BRDA:45,9,0,0
BRDA:59,10,0,0
BRDA:61,11,0,0
BRDA:61,11,1,0
BRDA:76,12,0,0
BRDA:76,13,0,0
BRDA:76,13,1,0
BRDA:76,13,2,0
BRDA:77,14,0,0
BRDA:94,15,0,0
BRDA:98,16,0,0
BRDA:107,17,0,0
BRDA:107,17,1,0
BRDA:111,18,0,0
BRDA:114,19,0,0
BRDA:127,20,0,0
BRF:29
BRH:6
end_of_record
TN:
SF:lib/utils.ts
FN:4,cn
FNF:1
FNH:1
FNDA:57,cn
DA:1,2
DA:2,2
DA:4,57
DA:5,57
LF:4
LH:4
BRF:0
BRH:0
end_of_record
